<?xml version="1.0" encoding="UTF-8"?>
<testsuite name="com.erp.mes.ErpServiceApplicationTests" tests="1" skipped="0" failures="0" errors="0" timestamp="2025-05-10T13:14:12" hostname="DESKTOP-KANP9MS" time="1.263">
  <properties/>
  <testcase name="contextLoads()" classname="com.erp.mes.ErpServiceApplicationTests" time="1.263"/>
  <system-out><![CDATA[Standard Commons Logging discovery in action with spring-jcl: please remove commons-logging.jar from classpath in order to avoid potential conflicts
22:14:07.818 [Test worker] INFO org.springframework.test.context.support.AnnotationConfigContextLoaderUtils -- Could not detect default configuration classes for test class [com.erp.mes.ErpServiceApplicationTests]: ErpServiceApplicationTests does not declare any static, non-private, non-final, nested classes annotated with @Configuration.
22:14:07.989 [Test worker] INFO org.springframework.boot.test.context.SpringBootTestContextBootstrapper -- Found @SpringBootConfiguration com.erp.mes.ErpServiceApplication for test class com.erp.mes.ErpServiceApplicationTests

  .   ____          _            __ _ _
 /\\ / ___'_ __ _ _(_)_ __  __ _ \ \ \ \
( ( )\___ | '_ | '_| | '_ \/ _` | \ \ \ \
 \\/  ___)| |_)| | | | | || (_| |  ) ) ) )
  '  |____| .__|_| |_|_| |_\__, | / / / /
 =========|_|==============|___/=/_/_/_/

 :: Spring Boot ::                (v3.3.2)

2025-05-10T22:14:08.577+09:00  INFO 10684 --- [    Test worker] com.erp.mes.ErpServiceApplicationTests   : Starting ErpServiceApplicationTests using Java 17.0.15 with PID 10684 (started by admin in C:\ERP_Service)
2025-05-10T22:14:08.580+09:00  INFO 10684 --- [    Test worker] com.erp.mes.ErpServiceApplicationTests   : No active profile set, falling back to 1 default profile: "default"
2025-05-10T22:14:11.051+09:00  WARN 10684 --- [    Test worker] trationDelegate$BeanPostProcessorChecker : Bean 'org.springframework.ws.config.annotation.DelegatingWsConfiguration' of type [org.springframework.ws.config.annotation.DelegatingWsConfiguration$$SpringCGLIB$$0] is not eligible for getting processed by all BeanPostProcessors (for example: not eligible for auto-proxying). The currently created BeanPostProcessor [annotationActionEndpointMapping] is declared through a non-static factory method on that class; consider declaring it as static instead.
2025-05-10T22:14:11.121+09:00  INFO 10684 --- [    Test worker] .w.s.a.s.AnnotationActionEndpointMapping : Supporting [WS-Addressing August 2004, WS-Addressing 1.0]
2025-05-10T22:14:11.920+09:00  INFO 10684 --- [    Test worker] o.s.b.a.w.s.WelcomePageHandlerMapping    : Adding welcome page: class path resource [static/index.html]
2025-05-10T22:14:12.462+09:00  INFO 10684 --- [    Test worker] com.erp.mes.ErpServiceApplicationTests   : Started ErpServiceApplicationTests in 4.207 seconds (process running for 5.791)
]]></system-out>
  <system-err><![CDATA[]]></system-err>
</testsuite>
