<?xml version="1.0" encoding="UTF-8"?>
<testsuite name="com.erp.mes.test.MemberRestControllerTest" tests="1" skipped="0" failures="1" errors="0" timestamp="2024-08-23T07:03:47" hostname="yujonghyeon-ui-MacBookAir.local" time="1.07">
  <properties/>
  <testcase name="testLogin_Success()" classname="com.erp.mes.test.MemberRestControllerTest" time="1.07">
    <failure message="java.lang.AssertionError: Status expected:&lt;200&gt; but was:&lt;400&gt;" type="java.lang.AssertionError">java.lang.AssertionError: Status expected:&lt;200&gt; but was:&lt;400&gt;
	at org.springframework.test.util.AssertionErrors.fail(AssertionErrors.java:59)
	at org.springframework.test.util.AssertionErrors.assertEquals(AssertionErrors.java:122)
	at org.springframework.test.web.servlet.result.StatusResultMatchers.lambda$matcher$9(StatusResultMatchers.java:637)
	at org.springframework.test.web.servlet.MockMvc$1.andExpect(MockMvc.java:214)
	at com.erp.mes.test.MemberRestControllerTest.testLogin_Success(MemberRestControllerTest.java:48)
	at java.base/java.lang.reflect.Method.invoke(Method.java:568)
	at java.base/java.util.ArrayList.forEach(ArrayList.java:1511)
	at java.base/java.util.ArrayList.forEach(ArrayList.java:1511)
</failure>
  </testcase>
  <system-out><![CDATA[16:03:48.751 [Test worker] INFO org.springframework.mock.web.MockServletContext -- Initializing Spring TestDispatcherServlet ''
16:03:48.754 [Test worker] INFO org.springframework.test.web.servlet.TestDispatcherServlet -- Initializing Servlet ''
16:03:48.763 [Test worker] INFO org.springframework.test.web.servlet.TestDispatcherServlet -- Completed initialization in 5 ms
16:03:48.863 [Test worker] WARN org.springframework.web.servlet.mvc.support.DefaultHandlerExceptionResolver -- Resolved [org.springframework.web.bind.MissingServletRequestParameterException: Required request parameter 'memberDTO' for method parameter type MemberDTO is not present]
]]></system-out>
  <system-err><![CDATA[]]></system-err>
</testsuite>
